<?xml version="1.0" encoding="utf-8"?><testsuites name="pytest tests"><testsuite name="pytest" errors="0" failures="0" skipped="0" tests="7" time="4.007" timestamp="2026-08-23T00:41:52.057301+00:00" hostname="agent-env-c48c3c96-9c37-40d9-a9f0-d196ecdb121d"><testcase classname="tests.backend_test" name="test_root" time="0.391" /><testcase classname="tests.backend_test" name="test_create_report" time="0.295" /><testcase classname="tests.backend_test" name="test_create_report_optional_nome" time="0.173" /><testcase classname="tests.backend_test" name="test_get_report_by_protocolo" time="0.153" /><testcase classname="tests.backend_test" name="test_get_report_case_insensitive" time="0.128" /><testcase classname="tests.backend_test" name="test_get_report_not_found" time="0.129" /><testcase classname="tests.backend_test" name="test_list_reports" time="0.220" /></testsuite></testsuites>